<?xml version="1.0" encoding="UTF-8"?>
<testng-results ignored="0" total="1" passed="0" failed="1" skipped="0">
  <reporter-output>
  </reporter-output>
  <suite started-at="2024-01-11T16:13:46 IST" name="Default suite" finished-at="2024-01-11T16:14:39 IST" duration-ms="52611">
    <groups>
    </groups>
    <test started-at="2024-01-11T16:13:46 IST" name="Default test" finished-at="2024-01-11T16:14:39 IST" duration-ms="52611">
      <class name="test.fblogintest">
        <test-method is-config="true" signature="setup()[pri:0, instance:test.fblogintest@1ffaf86]" started-at="2024-01-11T16:13:46 IST" name="setup" finished-at="2024-01-11T16:14:37 IST" duration-ms="50961" status="PASS">
          <reporter-output>
          </reporter-output>
        </test-method> <!-- setup -->
        <test-method signature="testlogin()[pri:0, instance:test.fblogintest@1ffaf86]" started-at="2024-01-11T16:14:39 IST" name="testlogin" finished-at="2024-01-11T16:14:39 IST" duration-ms="62" status="FAIL">
          <exception class="java.lang.Error">
            <message>
              <![CDATA[Unresolved compilation problems: 
Syntax error, insert "enum Identifier" to complete EnumHeaderName
Syntax error, insert "EnumBody" to complete EnumDeclaration
Syntax error, insert "enum Identifier" to complete EnumHeaderName
Syntax error, insert "EnumBody" to complete EnumDeclaration
Syntax error, insert "enum Identifier" to complete EnumHeaderName
Syntax error, insert "EnumBody" to complete EnumDeclaration
]]>
            </message>
            <full-stacktrace>
              <![CDATA[java.lang.Error: Unresolved compilation problems: 
Syntax error, insert "enum Identifier" to complete EnumHeaderName
Syntax error, insert "EnumBody" to complete EnumDeclaration
Syntax error, insert "enum Identifier" to complete EnumHeaderName
Syntax error, insert "EnumBody" to complete EnumDeclaration
Syntax error, insert "enum Identifier" to complete EnumHeaderName
Syntax error, insert "EnumBody" to complete EnumDeclaration

at page.Fbloginpage.<init>(Fbloginpage.java:12)
at test.fblogintest.testlogin(fblogintest.java:21)
at java.base/jdk.internal.reflect.NativeMethodAccessorImpl.invoke0(Native Method)
at java.base/jdk.internal.reflect.NativeMethodAccessorImpl.invoke(NativeMethodAccessorImpl.java:77)
at java.base/jdk.internal.reflect.DelegatingMethodAccessorImpl.invoke(DelegatingMethodAccessorImpl.java:43)
at java.base/java.lang.reflect.Method.invoke(Method.java:568)
at org.testng.internal.MethodInvocationHelper.invokeMethod(MethodInvocationHelper.java:133)
at org.testng.internal.TestInvoker.invokeMethod(TestInvoker.java:598)
at org.testng.internal.TestInvoker.invokeTestMethod(TestInvoker.java:173)
at org.testng.internal.MethodRunner.runInSequence(MethodRunner.java:46)
at org.testng.internal.TestInvoker$MethodInvocationAgent.invoke(TestInvoker.java:824)
at org.testng.internal.TestInvoker.invokeTestMethods(TestInvoker.java:146)
at org.testng.internal.TestMethodWorker.invokeTestMethods(TestMethodWorker.java:146)
at org.testng.internal.TestMethodWorker.run(TestMethodWorker.java:128)
at java.base/java.util.ArrayList.forEach(ArrayList.java:1511)
at org.testng.TestRunner.privateRun(TestRunner.java:794)
at org.testng.TestRunner.run(TestRunner.java:596)
at org.testng.SuiteRunner.runTest(SuiteRunner.java:377)
at org.testng.SuiteRunner.runSequentially(SuiteRunner.java:371)
at org.testng.SuiteRunner.privateRun(SuiteRunner.java:332)
at org.testng.SuiteRunner.run(SuiteRunner.java:276)
at org.testng.SuiteRunnerWorker.runSuite(SuiteRunnerWorker.java:53)
at org.testng.SuiteRunnerWorker.run(SuiteRunnerWorker.java:96)
at org.testng.TestNG.runSuitesSequentially(TestNG.java:1212)
at org.testng.TestNG.runSuitesLocally(TestNG.java:1134)
at org.testng.TestNG.runSuites(TestNG.java:1063)
at org.testng.TestNG.run(TestNG.java:1031)
at org.testng.remote.AbstractRemoteTestNG.run(AbstractRemoteTestNG.java:115)
at org.testng.remote.RemoteTestNG.initAndRun(RemoteTestNG.java:251)
at org.testng.remote.RemoteTestNG.main(RemoteTestNG.java:77)
]]>
            </full-stacktrace>
          </exception> <!-- java.lang.Error -->
          <reporter-output>
          </reporter-output>
        </test-method> <!-- testlogin -->
      </class> <!-- test.fblogintest -->
    </test> <!-- Default test -->
  </suite> <!-- Default suite -->
</testng-results>
